<?xml version="1.0" encoding="UTF-8"?>
<testsuite xmlns:xsi="http://www.w3.org/2001/XMLSchema-instance" xsi:noNamespaceSchemaLocation="https://maven.apache.org/surefire/maven-surefire-plugin/xsd/surefire-test-report.xsd" name="test.CalculatorTest" time="0.767" tests="12" errors="0" skipped="0" failures="0">
  <properties>
[...]
</properties>
  <testcase name="digitsSet_shouldReturnsTheSetOfDigits_ofPositiveInteger" classname="test.CalculatorTest" time="0.079"/>
  <testcase name="testAddTwoPositiveNumbers" classname="test.CalculatorTest" time="0.033"/>
  <testcase name="add_shouldReturnTheSum_ofMultipleIntegers{int, int, int}[1]" classname="test.CalculatorTest" time="0.025"/>
  <testcase name="add_shouldReturnTheSum_ofMultipleIntegers{int, int, int}[2]" classname="test.CalculatorTest" time="0.002"/>
  <testcase name="add_shouldReturnTheSum_ofMultipleIntegers{int, int, int}[3]" classname="test.CalculatorTest" time="0.003"/>
  <testcase name="longCalcul_shouldComputeInLessThan1Second" classname="test.CalculatorTest" time="0.521"/>
  <testcase name="testMultiplyTwoPositiveNumbers" classname="test.CalculatorTest" time="0"/>
  <testcase name="multiply_shouldReturnZero_ofZeroWithMultipleIntegers{int}[1]" classname="test.CalculatorTest" time="0.001"/>
  <testcase name="multiply_shouldReturnZero_ofZeroWithMultipleIntegers{int}[2]" classname="test.CalculatorTest" time="0"/>
  <testcase name="multiply_shouldReturnZero_ofZeroWithMultipleIntegers{int}[3]" classname="test.CalculatorTest" time="0"/>
  <testcase name="multiply_shouldReturnZero_ofZeroWithMultipleIntegers{int}[4]" classname="test.CalculatorTest" time="0.001"/>
  <testcase name="multiply_shouldReturnZero_ofZeroWithMultipleIntegers{int}[5]" classname="test.CalculatorTest" time="0.001"/>
</testsuite>